{"level":"info","msg":"language: en-US","time":"2024-01-31T00:27:22-03:00"}
{"command":"git --version","level":"debug","msg":"RunCommand","time":"2024-01-31T00:27:22-03:00"}
{"level":"info","msg":"git --version (1.188127ms)","time":"2024-01-31T00:27:22-03:00"}
{"command":"git rev-parse --git-dir","level":"debug","msg":"RunCommand","time":"2024-01-31T00:27:22-03:00"}
{"level":"info","msg":"git rev-parse --git-dir (1.163771ms)","time":"2024-01-31T00:27:22-03:00"}
{"command":"git rev-parse --is-bare-repository","level":"debug","msg":"RunCommand","time":"2024-01-31T00:27:22-03:00"}
{"level":"info","msg":"git rev-parse --is-bare-repository (1.510732ms)","time":"2024-01-31T00:27:22-03:00"}
{"level":"info","msg":"starting main loop","time":"2024-01-31T00:27:22-03:00"}
{"level":"info","msg":"Binary is not built with the buildBinary flag so we won't check for an update","time":"2024-01-31T00:27:22-03:00"}
{"command":"git rev-parse --is-bare-repository","level":"debug","msg":"RunCommand","time":"2024-01-31T00:27:22-03:00"}
{"command":"git fetch --all","level":"debug","msg":"RunCommand","time":"2024-01-31T00:27:22-03:00"}
{"level":"info","msg":"git rev-parse --is-bare-repository (1.108167ms)","time":"2024-01-31T00:27:22-03:00"}
{"level":"info","msg":"refreshing all scopes in async mode","time":"2024-01-31T00:27:22-03:00"}
{"level":"info","msg":"Refresh took 65.533µs","time":"2024-01-31T00:27:22-03:00"}
{"command":"git for-each-ref --sort=-committerdate --format=%(HEAD)%00%(refname:short)%00%(upstream:short)%00%(upstream:track)%00%(subject)%00%(objectname) refs/heads","level":"debug","msg":"RunCommand","time":"2024-01-31T00:27:22-03:00"}
{"command":"git worktree list --porcelain","level":"debug","msg":"RunCommand","time":"2024-01-31T00:27:22-03:00"}
{"command":"git merge-base HEAD HEAD@{u}","level":"debug","msg":"RunCommand","time":"2024-01-31T00:27:22-03:00"}
{"command":"git tag --list -n --sort=-creatordate","level":"debug","msg":"RunCommand","time":"2024-01-31T00:27:22-03:00"}
{"command":"git rev-parse --symbolic-full-name main@{u}","level":"debug","msg":"RunCommand","time":"2024-01-31T00:27:22-03:00"}
{"command":"git stash list -z --pretty=%gs","level":"debug","msg":"RunCommand","time":"2024-01-31T00:27:22-03:00"}
{"command":"git rev-parse --symbolic-full-name master@{u}","level":"debug","msg":"RunCommand","time":"2024-01-31T00:27:22-03:00"}
{"level":"debug","msg":"Error getting git config value for key: status.showUntrackedFiles. Error: the key is not found for [git config --get --null status.showUntrackedFiles]","time":"2024-01-31T00:27:22-03:00"}
{"command":"git status --untracked-files=all --porcelain -z","level":"debug","msg":"RunCommand","time":"2024-01-31T00:27:22-03:00"}
{"level":"info","msg":"git log HEAD --topo-order --oneline --pretty=format:%H%x00%at%x00%aN%x00%ae%x00%D%x00%p%x00%s --abbrev=40 -300 --no-show-signature -- (1.543863ms)","time":"2024-01-31T00:27:22-03:00"}
{"level":"info","msg":"git for-each-ref --sort=-committerdate --format=%(HEAD)%00%(refname:short)%00%(upstream:short)%00%(upstream:track)%00%(subject)%00%(objectname) refs/heads (1.973339ms)","time":"2024-01-31T00:27:22-03:00"}
{"command":"git symbolic-ref --short HEAD","level":"debug","msg":"RunCommand","time":"2024-01-31T00:27:22-03:00"}
{"level":"info","msg":"git fetch --all (3.07829ms)","time":"2024-01-31T00:27:22-03:00"}
{"level":"info","msg":"refreshing the following scopes in async mode: branches,commits,remotes,tags","time":"2024-01-31T00:27:22-03:00"}
{"level":"info","msg":"git worktree list --porcelain (2.176279ms)","time":"2024-01-31T00:27:22-03:00"}
{"command":"git tag --list -n --sort=-creatordate","level":"debug","msg":"RunCommand","time":"2024-01-31T00:27:22-03:00"}
{"level":"info","msg":"postRefreshUpdate for localBranches took 9.878µs","time":"2024-01-31T00:27:22-03:00"}
{"level":"info","msg":"Refresh took 40.056µs","time":"2024-01-31T00:27:22-03:00"}
{"level":"info","msg":"postRefreshUpdate for worktrees took 112.191µs","time":"2024-01-31T00:27:22-03:00"}
{"level":"info","msg":"git -c log.showSignature=false log -g --abbrev=40 --format=%h%x00%ct%x00%gs%x00%p (2.55573ms)","time":"2024-01-31T00:27:22-03:00"}
{"level":"info","msg":"postRefreshUpdate for reflogCommits took 11.271µs","time":"2024-01-31T00:27:22-03:00"}
{"command":"git merge-base HEAD HEAD@{u}","level":"error","msg":"fatal: Not a valid object name HEAD\n","time":"2024-01-31T00:27:22-03:00"}
{"level":"info","msg":"git merge-base HEAD HEAD@{u} (2.728003ms)","time":"2024-01-31T00:27:22-03:00"}
{"level":"info","msg":"git branch -r (2.883204ms)","time":"2024-01-31T00:27:22-03:00"}
{"level":"info","msg":"postRefreshUpdate for remotes took 4.789µs","time":"2024-01-31T00:27:22-03:00"}
{"level":"info","msg":"postRefreshUpdate for remoteBranches took 3.346µs","time":"2024-01-31T00:27:22-03:00"}
{"command":"git rev-parse --symbolic-full-name main@{u}","level":"error","msg":"fatal: no such branch: 'main'\n","time":"2024-01-31T00:27:22-03:00"}
{"level":"info","msg":"git rev-parse --symbolic-full-name main@{u} (3.205098ms)","time":"2024-01-31T00:27:22-03:00"}
{"command":"git rev-parse --verify --quiet refs/remotes/origin/main","level":"debug","msg":"RunCommand","time":"2024-01-31T00:27:22-03:00"}
{"level":"info","msg":"git tag --list -n --sort=-creatordate (3.326324ms)","time":"2024-01-31T00:27:22-03:00"}
{"level":"info","msg":"postRefreshUpdate for tags took 8.005µs","time":"2024-01-31T00:27:22-03:00"}
{"command":"git rev-parse --symbolic-full-name master@{u}","level":"error","msg":"fatal: no such branch: 'master'\n","time":"2024-01-31T00:27:22-03:00"}
{"level":"info","msg":"git rev-parse --symbolic-full-name master@{u} (3.139184ms)","time":"2024-01-31T00:27:22-03:00"}
{"command":"git rev-parse --verify --quiet refs/remotes/origin/master","level":"debug","msg":"RunCommand","time":"2024-01-31T00:27:22-03:00"}
{"level":"info","msg":"git stash list -z --pretty=%gs (3.506051ms)","time":"2024-01-31T00:27:22-03:00"}
{"level":"info","msg":"postRefreshUpdate for stash took 9.147µs","time":"2024-01-31T00:27:22-03:00"}
{"level":"info","msg":"git symbolic-ref --short HEAD (2.137396ms)","time":"2024-01-31T00:27:22-03:00"}
{"level":"info","msg":"postRefreshUpdate for localBranches took 178.835µs","time":"2024-01-31T00:27:22-03:00"}
{"level":"info","msg":"git -c log.showSignature=false log -g --abbrev=40 --format=%h%x00%ct%x00%gs%x00%p (2.206756ms)","time":"2024-01-31T00:27:22-03:00"}
{"level":"info","msg":"postRefreshUpdate for reflogCommits took 11.361µs","time":"2024-01-31T00:27:22-03:00"}
{"level":"info","msg":"git tag --list -n --sort=-creatordate (2.385602ms)","time":"2024-01-31T00:27:22-03:00"}
{"level":"info","msg":"postRefreshUpdate for tags took 8.676µs","time":"2024-01-31T00:27:22-03:00"}
{"level":"info","msg":"git status --untracked-files=all --porcelain -z (3.390956ms)","time":"2024-01-31T00:27:22-03:00"}
{"level":"info","msg":"git branch -r (2.628357ms)","time":"2024-01-31T00:27:22-03:00"}
{"level":"info","msg":"postRefreshUpdate for remotes took 19.397µs","time":"2024-01-31T00:27:22-03:00"}
{"level":"info","msg":"postRefreshUpdate for remoteBranches took 2.234µs","time":"2024-01-31T00:27:22-03:00"}
{"command":"git rev-parse --verify --quiet refs/remotes/origin/main","level":"error","msg":"","time":"2024-01-31T00:27:22-03:00"}
{"level":"info","msg":"git rev-parse --verify --quiet refs/remotes/origin/main (1.699095ms)","time":"2024-01-31T00:27:22-03:00"}
{"command":"git rev-parse --verify --quiet refs/heads/main","level":"debug","msg":"RunCommand","time":"2024-01-31T00:27:22-03:00"}
{"command":"git rev-parse --verify --quiet refs/remotes/origin/master","level":"error","msg":"","time":"2024-01-31T00:27:22-03:00"}
{"level":"info","msg":"git rev-parse --verify --quiet refs/remotes/origin/master (1.53631ms)","time":"2024-01-31T00:27:22-03:00"}
{"command":"git rev-parse --verify --quiet refs/heads/master","level":"debug","msg":"RunCommand","time":"2024-01-31T00:27:22-03:00"}
{"level":"info","msg":"postRefreshUpdate for submodules took 8.657µs","time":"2024-01-31T00:27:22-03:00"}
{"level":"debug","msg":"Error getting git config value for key: rebase.updateRefs. Error: the key is not found for [git config --get --null rebase.updateRefs]","time":"2024-01-31T00:27:22-03:00"}
{"command":"git for-each-ref --sort=-committerdate --format=%(HEAD)%00%(refname:short)%00%(upstream:short)%00%(upstream:track)%00%(subject)%00%(objectname) refs/heads","level":"debug","msg":"RunCommand","time":"2024-01-31T00:27:22-03:00"}
{"command":"git rev-parse --verify --quiet refs/heads/main","level":"error","msg":"","time":"2024-01-31T00:27:22-03:00"}
{"level":"info","msg":"git rev-parse --verify --quiet refs/heads/main (1.379766ms)","time":"2024-01-31T00:27:22-03:00"}
{"command":"git rev-parse --verify --quiet refs/heads/master","level":"error","msg":"","time":"2024-01-31T00:27:22-03:00"}
{"level":"info","msg":"git rev-parse --verify --quiet refs/heads/master (1.243611ms)","time":"2024-01-31T00:27:22-03:00"}
{"command":"git rev-parse --abbrev-ref --verify HEAD","level":"debug","msg":"RunCommand","time":"2024-01-31T00:27:22-03:00"}
{"command":"git diff --submodule --no-ext-diff --unified=3 --color=always -- alacritty","level":"debug","msg":"RunCommand","time":"2024-01-31T00:27:22-03:00"}
{"level":"info","msg":"postRefreshUpdate for files took 1.47256ms","time":"2024-01-31T00:27:22-03:00"}
{"level":"info","msg":"git for-each-ref --sort=-committerdate --format=%(HEAD)%00%(refname:short)%00%(upstream:short)%00%(upstream:track)%00%(subject)%00%(objectname) refs/heads (1.266083ms)","time":"2024-01-31T00:27:22-03:00"}
{"command":"git symbolic-ref --short HEAD","level":"debug","msg":"RunCommand","time":"2024-01-31T00:27:22-03:00"}
{"command":"git rev-parse --abbrev-ref --verify HEAD","level":"error","msg":"fatal: Needed a single revision\n","time":"2024-01-31T00:27:22-03:00"}
{"level":"info","msg":"git rev-parse --abbrev-ref --verify HEAD (1.244963ms)","time":"2024-01-31T00:27:22-03:00"}
{"level":"debug","msg":"using cache for key rebase.updateRefs","time":"2024-01-31T00:27:22-03:00"}
{"level":"info","msg":"postRefreshUpdate for commits took 20.258µs","time":"2024-01-31T00:27:22-03:00"}
{"command":"git merge-base HEAD HEAD@{u}","level":"debug","msg":"RunCommand","time":"2024-01-31T00:27:22-03:00"}
{"level":"info","msg":"git symbolic-ref --short HEAD (1.103999ms)","time":"2024-01-31T00:27:22-03:00"}
{"level":"info","msg":"postRefreshUpdate for localBranches took 70.623µs","time":"2024-01-31T00:27:22-03:00"}
{"level":"debug","msg":"using cache for key rebase.updateRefs","time":"2024-01-31T00:27:22-03:00"}
{"command":"git for-each-ref --sort=-committerdate --format=%(HEAD)%00%(refname:short)%00%(upstream:short)%00%(upstream:track)%00%(subject)%00%(objectname) refs/heads","level":"debug","msg":"RunCommand","time":"2024-01-31T00:27:22-03:00"}
{"command":"git merge-base HEAD HEAD@{u}","level":"error","msg":"fatal: Not a valid object name HEAD\n","time":"2024-01-31T00:27:22-03:00"}
{"level":"info","msg":"git merge-base HEAD HEAD@{u} (1.163741ms)","time":"2024-01-31T00:27:22-03:00"}
{"level":"info","msg":"git log HEAD --topo-order --oneline --pretty=format:%H%x00%at%x00%aN%x00%ae%x00%D%x00%p%x00%s --abbrev=40 -300 --no-show-signature -- (1.343858ms)","time":"2024-01-31T00:27:22-03:00"}
{"command":"git rev-parse --abbrev-ref --verify HEAD","level":"debug","msg":"RunCommand","time":"2024-01-31T00:27:22-03:00"}
{"level":"info","msg":"git for-each-ref --sort=-committerdate --format=%(HEAD)%00%(refname:short)%00%(upstream:short)%00%(upstream:track)%00%(subject)%00%(objectname) refs/heads (1.28053ms)","time":"2024-01-31T00:27:22-03:00"}
{"command":"git symbolic-ref --short HEAD","level":"debug","msg":"RunCommand","time":"2024-01-31T00:27:22-03:00"}
{"command":"git rev-parse --abbrev-ref --verify HEAD","level":"error","msg":"fatal: Needed a single revision\n","time":"2024-01-31T00:27:22-03:00"}
{"level":"info","msg":"git rev-parse --abbrev-ref --verify HEAD (1.229004ms)","time":"2024-01-31T00:27:22-03:00"}
{"level":"debug","msg":"using cache for key rebase.updateRefs","time":"2024-01-31T00:27:22-03:00"}
{"level":"info","msg":"postRefreshUpdate for commits took 39.344µs","time":"2024-01-31T00:27:22-03:00"}
{"level":"info","msg":"git symbolic-ref --short HEAD (1.095794ms)","time":"2024-01-31T00:27:22-03:00"}
{"level":"info","msg":"postRefreshUpdate for localBranches took 73.228µs","time":"2024-01-31T00:27:22-03:00"}
{"level":"debug","msg":"using cache for key rebase.updateRefs","time":"2024-01-31T00:27:22-03:00"}
{"command":"git for-each-ref --sort=-committerdate --format=%(HEAD)%00%(refname:short)%00%(upstream:short)%00%(upstream:track)%00%(subject)%00%(objectname) refs/heads","level":"debug","msg":"RunCommand","time":"2024-01-31T00:27:22-03:00"}
{"level":"info","msg":"git for-each-ref --sort=-committerdate --format=%(HEAD)%00%(refname:short)%00%(upstream:short)%00%(upstream:track)%00%(subject)%00%(objectname) refs/heads (1.452603ms)","time":"2024-01-31T00:27:22-03:00"}
{"command":"git symbolic-ref --short HEAD","level":"debug","msg":"RunCommand","time":"2024-01-31T00:27:22-03:00"}
{"level":"info","msg":"git symbolic-ref --short HEAD (1.065007ms)","time":"2024-01-31T00:27:22-03:00"}
{"level":"info","msg":"postRefreshUpdate for localBranches took 39.805µs","time":"2024-01-31T00:27:22-03:00"}
{"level":"debug","msg":"using cache for key rebase.updateRefs","time":"2024-01-31T00:27:22-03:00"}
{"command":"git diff --submodule --no-ext-diff --unified=3 --color=always --no-index -- /dev/null alacritty/alacritty.yml","level":"debug","msg":"RunCommand","time":"2024-01-31T00:27:23-03:00"}
{"level":"error","msg":"Unexpected error when running cmd task: exit status 1","time":"2024-01-31T00:27:23-03:00"}
{"command":"git diff --submodule --no-ext-diff --unified=3 --color=always -- btop","level":"debug","msg":"RunCommand","time":"2024-01-31T00:27:23-03:00"}
{"command":"git diff --submodule --no-ext-diff --unified=3 --color=always --no-index -- /dev/null alacritty/alacritty.yml","level":"debug","msg":"RunCommand","time":"2024-01-31T00:27:24-03:00"}
{"level":"error","msg":"Unexpected error when running cmd task: exit status 1","time":"2024-01-31T00:27:24-03:00"}
{"command":"git diff --submodule --no-ext-diff --unified=3 --color=always -- alacritty","level":"debug","msg":"RunCommand","time":"2024-01-31T00:27:24-03:00"}
{"command":"git diff --submodule --no-ext-diff --unified=3 --color=always --cached -- alacritty","level":"debug","msg":"RunCommand","time":"2024-01-31T00:27:24-03:00"}
{"level":"info","msg":"postRefreshUpdate for files took 840.806µs","time":"2024-01-31T00:27:24-03:00"}
{"command":"git add -- alacritty","level":"debug","msg":"RunCommand","time":"2024-01-31T00:27:24-03:00"}
{"level":"info","msg":"git add -- alacritty (2.767086ms)","time":"2024-01-31T00:27:24-03:00"}
{"level":"info","msg":"refreshing the following scopes in async mode: files","time":"2024-01-31T00:27:24-03:00"}
{"level":"info","msg":"Refresh took 42.991µs","time":"2024-01-31T00:27:24-03:00"}
{"level":"debug","msg":"using cache for key status.showUntrackedFiles","time":"2024-01-31T00:27:24-03:00"}
{"command":"git diff --submodule --no-ext-diff --unified=3 --color=always --cached -- alacritty","level":"debug","msg":"RunCommand","time":"2024-01-31T00:27:24-03:00"}
{"command":"git status --untracked-files=all --porcelain -z","level":"debug","msg":"RunCommand","time":"2024-01-31T00:27:24-03:00"}
{"level":"info","msg":"git status --untracked-files=all --porcelain -z (2.024284ms)","time":"2024-01-31T00:27:24-03:00"}
{"level":"info","msg":"postRefreshUpdate for submodules took 7.955µs","time":"2024-01-31T00:27:24-03:00"}
{"command":"git diff --submodule --no-ext-diff --unified=3 --color=always --cached -- alacritty","level":"debug","msg":"RunCommand","time":"2024-01-31T00:27:24-03:00"}
{"level":"info","msg":"postRefreshUpdate for files took 602.459µs","time":"2024-01-31T00:27:24-03:00"}
{"command":"git diff --submodule --no-ext-diff --unified=3 --color=always -- alacritty","level":"debug","msg":"RunCommand","time":"2024-01-31T00:27:25-03:00"}
{"level":"info","msg":"postRefreshUpdate for files took 1.64826ms","time":"2024-01-31T00:27:25-03:00"}
{"command":"git reset HEAD -- alacritty","level":"debug","msg":"RunCommand","time":"2024-01-31T00:27:25-03:00"}
{"level":"info","msg":"git reset HEAD -- alacritty (2.901027ms)","time":"2024-01-31T00:27:25-03:00"}
{"level":"info","msg":"refreshing the following scopes in async mode: files","time":"2024-01-31T00:27:25-03:00"}
{"level":"debug","msg":"using cache for key status.showUntrackedFiles","time":"2024-01-31T00:27:25-03:00"}
{"command":"git status --untracked-files=all --porcelain -z","level":"debug","msg":"RunCommand","time":"2024-01-31T00:27:25-03:00"}
{"level":"info","msg":"Refresh took 78.467µs","time":"2024-01-31T00:27:25-03:00"}
{"command":"git diff --submodule --no-ext-diff --unified=3 --color=always -- alacritty","level":"debug","msg":"RunCommand","time":"2024-01-31T00:27:25-03:00"}
{"level":"info","msg":"git status --untracked-files=all --porcelain -z (1.790686ms)","time":"2024-01-31T00:27:25-03:00"}
{"level":"info","msg":"postRefreshUpdate for submodules took 11.041µs","time":"2024-01-31T00:27:25-03:00"}
{"command":"git diff --submodule --no-ext-diff --unified=3 --color=always -- alacritty","level":"debug","msg":"RunCommand","time":"2024-01-31T00:27:25-03:00"}
{"level":"info","msg":"postRefreshUpdate for files took 977.633µs","time":"2024-01-31T00:27:25-03:00"}
{"level":"info","msg":"language: en-US","time":"2024-01-31T00:27:36-03:00"}
{"command":"git --version","level":"debug","msg":"RunCommand","time":"2024-01-31T00:27:36-03:00"}
{"level":"info","msg":"git --version (1.163781ms)","time":"2024-01-31T00:27:36-03:00"}
{"command":"git rev-parse --git-dir","level":"debug","msg":"RunCommand","time":"2024-01-31T00:27:36-03:00"}
{"level":"info","msg":"git rev-parse --git-dir (1.048976ms)","time":"2024-01-31T00:27:36-03:00"}
{"command":"git rev-parse --is-bare-repository","level":"debug","msg":"RunCommand","time":"2024-01-31T00:27:36-03:00"}
{"level":"info","msg":"git rev-parse --is-bare-repository (1.003802ms)","time":"2024-01-31T00:27:36-03:00"}
{"level":"info","msg":"starting main loop","time":"2024-01-31T00:27:36-03:00"}
{"level":"info","msg":"Binary is not built with the buildBinary flag so we won't check for an update","time":"2024-01-31T00:27:36-03:00"}
{"command":"git fetch --all","level":"debug","msg":"RunCommand","time":"2024-01-31T00:27:36-03:00"}
{"command":"git rev-parse --is-bare-repository","level":"debug","msg":"RunCommand","time":"2024-01-31T00:27:36-03:00"}
{"level":"info","msg":"git rev-parse --is-bare-repository (1.317629ms)","time":"2024-01-31T00:27:36-03:00"}
{"level":"info","msg":"refreshing all scopes in async mode","time":"2024-01-31T00:27:36-03:00"}
{"level":"info","msg":"Refresh took 46.868µs","time":"2024-01-31T00:27:36-03:00"}
{"command":"git tag --list -n --sort=-creatordate","level":"debug","msg":"RunCommand","time":"2024-01-31T00:27:36-03:00"}
{"command":"git rev-parse --symbolic-full-name main@{u}","level":"debug","msg":"RunCommand","time":"2024-01-31T00:27:36-03:00"}
{"command":"git for-each-ref --sort=-committerdate --format=%(HEAD)%00%(refname:short)%00%(upstream:short)%00%(upstream:track)%00%(subject)%00%(objectname) refs/heads","level":"debug","msg":"RunCommand","time":"2024-01-31T00:27:36-03:00"}
{"command":"git rev-parse --symbolic-full-name master@{u}","level":"debug","msg":"RunCommand","time":"2024-01-31T00:27:36-03:00"}
{"command":"git stash list -z --pretty=%gs","level":"debug","msg":"RunCommand","time":"2024-01-31T00:27:36-03:00"}
{"command":"git worktree list --porcelain","level":"debug","msg":"RunCommand","time":"2024-01-31T00:27:36-03:00"}
{"command":"git merge-base HEAD HEAD@{u}","level":"debug","msg":"RunCommand","time":"2024-01-31T00:27:36-03:00"}
{"level":"info","msg":"git tag --list -n --sort=-creatordate (1.558952ms)","time":"2024-01-31T00:27:36-03:00"}
{"level":"info","msg":"postRefreshUpdate for tags took 9.067µs","time":"2024-01-31T00:27:36-03:00"}
{"level":"info","msg":"git fetch --all (2.944078ms)","time":"2024-01-31T00:27:36-03:00"}
{"level":"info","msg":"refreshing the following scopes in async mode: branches,commits,remotes,tags","time":"2024-01-31T00:27:36-03:00"}
{"level":"debug","msg":"Error getting git config value for key: status.showUntrackedFiles. Error: the key is not found for [git config --get --null status.showUntrackedFiles]","time":"2024-01-31T00:27:36-03:00"}
{"command":"git status --untracked-files=all --porcelain -z","level":"debug","msg":"RunCommand","time":"2024-01-31T00:27:36-03:00"}
{"command":"git tag --list -n --sort=-creatordate","level":"debug","msg":"RunCommand","time":"2024-01-31T00:27:36-03:00"}
{"level":"info","msg":"Refresh took 49.733µs","time":"2024-01-31T00:27:36-03:00"}
{"command":"git rev-parse --symbolic-full-name main@{u}","level":"error","msg":"fatal: no such branch: 'main'\n","time":"2024-01-31T00:27:36-03:00"}
{"level":"info","msg":"git rev-parse --symbolic-full-name main@{u} (2.681807ms)","time":"2024-01-31T00:27:36-03:00"}
{"command":"git rev-parse --verify --quiet refs/remotes/origin/main","level":"debug","msg":"RunCommand","time":"2024-01-31T00:27:36-03:00"}
{"command":"git rev-parse --symbolic-full-name master@{u}","level":"error","msg":"fatal: no such branch: 'master'\n","time":"2024-01-31T00:27:36-03:00"}
{"level":"info","msg":"git rev-parse --symbolic-full-name master@{u} (2.940291ms)","time":"2024-01-31T00:27:36-03:00"}
{"level":"info","msg":"git for-each-ref --sort=-committerdate --format=%(HEAD)%00%(refname:short)%00%(upstream:short)%00%(upstream:track)%00%(subject)%00%(objectname) refs/heads (2.983873ms)","time":"2024-01-31T00:27:36-03:00"}
{"command":"git rev-parse --verify --quiet refs/remotes/origin/master","level":"debug","msg":"RunCommand","time":"2024-01-31T00:27:36-03:00"}
{"command":"git symbolic-ref --short HEAD","level":"debug","msg":"RunCommand","time":"2024-01-31T00:27:36-03:00"}
{"level":"info","msg":"git stash list -z --pretty=%gs (2.548086ms)","time":"2024-01-31T00:27:36-03:00"}
{"level":"info","msg":"postRefreshUpdate for stash took 11.682µs","time":"2024-01-31T00:27:36-03:00"}
{"level":"info","msg":"git -c log.showSignature=false log -g --abbrev=40 --format=%h%x00%ct%x00%gs%x00%p (3.312228ms)","time":"2024-01-31T00:27:36-03:00"}
{"level":"info","msg":"postRefreshUpdate for reflogCommits took 9.247µs","time":"2024-01-31T00:27:36-03:00"}
{"level":"info","msg":"git worktree list --porcelain (3.061949ms)","time":"2024-01-31T00:27:36-03:00"}
{"level":"info","msg":"git log HEAD --topo-order --oneline --pretty=format:%H%x00%at%x00%aN%x00%ae%x00%D%x00%p%x00%s --abbrev=40 -300 --no-show-signature -- (3.090403ms)","time":"2024-01-31T00:27:36-03:00"}
{"level":"info","msg":"postRefreshUpdate for localBranches took 5.52µs","time":"2024-01-31T00:27:36-03:00"}
{"level":"info","msg":"postRefreshUpdate for worktrees took 110.627µs","time":"2024-01-31T00:27:36-03:00"}
{"command":"git merge-base HEAD HEAD@{u}","level":"error","msg":"fatal: Not a valid object name HEAD\n","time":"2024-01-31T00:27:36-03:00"}
{"level":"info","msg":"git merge-base HEAD HEAD@{u} (3.191742ms)","time":"2024-01-31T00:27:36-03:00"}
{"level":"info","msg":"git branch -r (3.400614ms)","time":"2024-01-31T00:27:36-03:00"}
{"level":"info","msg":"postRefreshUpdate for remotes took 7.384µs","time":"2024-01-31T00:27:36-03:00"}
{"level":"info","msg":"postRefreshUpdate for remoteBranches took 5.511µs","time":"2024-01-31T00:27:36-03:00"}
{"level":"info","msg":"git -c log.showSignature=false log -g --abbrev=40 --format=%h%x00%ct%x00%gs%x00%p (2.850272ms)","time":"2024-01-31T00:27:36-03:00"}
{"level":"info","msg":"postRefreshUpdate for reflogCommits took 10.199µs","time":"2024-01-31T00:27:36-03:00"}
{"level":"info","msg":"git tag --list -n --sort=-creatordate (2.87567ms)","time":"2024-01-31T00:27:36-03:00"}
{"command":"git rev-parse --verify --quiet refs/remotes/origin/main","level":"error","msg":"","time":"2024-01-31T00:27:36-03:00"}
{"level":"info","msg":"git rev-parse --verify --quiet refs/remotes/origin/main (2.208098ms)","time":"2024-01-31T00:27:36-03:00"}
{"command":"git rev-parse --verify --quiet refs/heads/main","level":"debug","msg":"RunCommand","time":"2024-01-31T00:27:36-03:00"}
{"level":"info","msg":"postRefreshUpdate for tags took 7.003µs","time":"2024-01-31T00:27:36-03:00"}
{"level":"info","msg":"git branch -r (3.047362ms)","time":"2024-01-31T00:27:36-03:00"}
{"level":"info","msg":"postRefreshUpdate for remotes took 4.98µs","time":"2024-01-31T00:27:36-03:00"}
{"level":"info","msg":"postRefreshUpdate for remoteBranches took 3.026µs","time":"2024-01-31T00:27:36-03:00"}
{"command":"git rev-parse --verify --quiet refs/remotes/origin/master","level":"error","msg":"","time":"2024-01-31T00:27:36-03:00"}
{"level":"info","msg":"git rev-parse --verify --quiet refs/remotes/origin/master (2.048069ms)","time":"2024-01-31T00:27:36-03:00"}
{"command":"git rev-parse --verify --quiet refs/heads/master","level":"debug","msg":"RunCommand","time":"2024-01-31T00:27:36-03:00"}
{"level":"info","msg":"git symbolic-ref --short HEAD (2.051976ms)","time":"2024-01-31T00:27:36-03:00"}
{"level":"info","msg":"postRefreshUpdate for localBranches took 105.388µs","time":"2024-01-31T00:27:36-03:00"}
{"level":"info","msg":"git status --untracked-files=all --porcelain -z (3.497004ms)","time":"2024-01-31T00:27:36-03:00"}
{"level":"info","msg":"postRefreshUpdate for submodules took 8.907µs","time":"2024-01-31T00:27:36-03:00"}
{"command":"git rev-parse --verify --quiet refs/heads/main","level":"error","msg":"","time":"2024-01-31T00:27:36-03:00"}
{"level":"info","msg":"git rev-parse --verify --quiet refs/heads/main (1.134196ms)","time":"2024-01-31T00:27:36-03:00"}
{"command":"git rev-parse --verify --quiet refs/heads/master","level":"error","msg":"","time":"2024-01-31T00:27:36-03:00"}
{"level":"debug","msg":"Error getting git config value for key: rebase.updateRefs. Error: the key is not found for [git config --get --null rebase.updateRefs]","time":"2024-01-31T00:27:36-03:00"}
{"level":"info","msg":"git rev-parse --verify --quiet refs/heads/master (1.449096ms)","time":"2024-01-31T00:27:36-03:00"}
{"command":"git rev-parse --abbrev-ref --verify HEAD","level":"debug","msg":"RunCommand","time":"2024-01-31T00:27:36-03:00"}
{"command":"git for-each-ref --sort=-committerdate --format=%(HEAD)%00%(refname:short)%00%(upstream:short)%00%(upstream:track)%00%(subject)%00%(objectname) refs/heads","level":"debug","msg":"RunCommand","time":"2024-01-31T00:27:36-03:00"}
{"command":"git diff --submodule --no-ext-diff --unified=3 --color=always -- alacritty","level":"debug","msg":"RunCommand","time":"2024-01-31T00:27:36-03:00"}
{"level":"info","msg":"postRefreshUpdate for files took 1.385136ms","time":"2024-01-31T00:27:36-03:00"}
{"command":"git rev-parse --abbrev-ref --verify HEAD","level":"error","msg":"fatal: Needed a single revision\n","time":"2024-01-31T00:27:36-03:00"}
{"level":"info","msg":"git rev-parse --abbrev-ref --verify HEAD (1.19486ms)","time":"2024-01-31T00:27:36-03:00"}
{"level":"debug","msg":"using cache for key rebase.updateRefs","time":"2024-01-31T00:27:36-03:00"}
{"level":"info","msg":"postRefreshUpdate for commits took 20.839µs","time":"2024-01-31T00:27:36-03:00"}
{"command":"git merge-base HEAD HEAD@{u}","level":"debug","msg":"RunCommand","time":"2024-01-31T00:27:36-03:00"}
{"level":"info","msg":"git for-each-ref --sort=-committerdate --format=%(HEAD)%00%(refname:short)%00%(upstream:short)%00%(upstream:track)%00%(subject)%00%(objectname) refs/heads (1.361812ms)","time":"2024-01-31T00:27:36-03:00"}
{"command":"git symbolic-ref --short HEAD","level":"debug","msg":"RunCommand","time":"2024-01-31T00:27:36-03:00"}
{"command":"git merge-base HEAD HEAD@{u}","level":"error","msg":"fatal: Not a valid object name HEAD\n","time":"2024-01-31T00:27:36-03:00"}
{"level":"info","msg":"git merge-base HEAD HEAD@{u} (1.357214ms)","time":"2024-01-31T00:27:36-03:00"}
{"level":"info","msg":"git log HEAD --topo-order --oneline --pretty=format:%H%x00%at%x00%aN%x00%ae%x00%D%x00%p%x00%s --abbrev=40 -300 --no-show-signature -- (1.613464ms)","time":"2024-01-31T00:27:36-03:00"}
{"command":"git rev-parse --abbrev-ref --verify HEAD","level":"debug","msg":"RunCommand","time":"2024-01-31T00:27:36-03:00"}
{"level":"info","msg":"git symbolic-ref --short HEAD (1.486816ms)","time":"2024-01-31T00:27:36-03:00"}
{"level":"info","msg":"postRefreshUpdate for localBranches took 81.994µs","time":"2024-01-31T00:27:36-03:00"}
{"level":"debug","msg":"using cache for key rebase.updateRefs","time":"2024-01-31T00:27:36-03:00"}
{"command":"git for-each-ref --sort=-committerdate --format=%(HEAD)%00%(refname:short)%00%(upstream:short)%00%(upstream:track)%00%(subject)%00%(objectname) refs/heads","level":"debug","msg":"RunCommand","time":"2024-01-31T00:27:36-03:00"}
{"level":"info","msg":"git for-each-ref --sort=-committerdate --format=%(HEAD)%00%(refname:short)%00%(upstream:short)%00%(upstream:track)%00%(subject)%00%(objectname) refs/heads (1.21645ms)","time":"2024-01-31T00:27:36-03:00"}
{"command":"git symbolic-ref --short HEAD","level":"debug","msg":"RunCommand","time":"2024-01-31T00:27:36-03:00"}
{"command":"git rev-parse --abbrev-ref --verify HEAD","level":"error","msg":"fatal: Needed a single revision\n","time":"2024-01-31T00:27:36-03:00"}
{"level":"info","msg":"git rev-parse --abbrev-ref --verify HEAD (1.593396ms)","time":"2024-01-31T00:27:36-03:00"}
{"level":"debug","msg":"using cache for key rebase.updateRefs","time":"2024-01-31T00:27:36-03:00"}
{"level":"info","msg":"postRefreshUpdate for commits took 22.692µs","time":"2024-01-31T00:27:36-03:00"}
{"level":"info","msg":"git symbolic-ref --short HEAD (1.162479ms)","time":"2024-01-31T00:27:36-03:00"}
{"level":"info","msg":"postRefreshUpdate for localBranches took 45.946µs","time":"2024-01-31T00:27:36-03:00"}
{"level":"debug","msg":"using cache for key rebase.updateRefs","time":"2024-01-31T00:27:36-03:00"}
{"command":"git for-each-ref --sort=-committerdate --format=%(HEAD)%00%(refname:short)%00%(upstream:short)%00%(upstream:track)%00%(subject)%00%(objectname) refs/heads","level":"debug","msg":"RunCommand","time":"2024-01-31T00:27:36-03:00"}
{"level":"info","msg":"git for-each-ref --sort=-committerdate --format=%(HEAD)%00%(refname:short)%00%(upstream:short)%00%(upstream:track)%00%(subject)%00%(objectname) refs/heads (1.166606ms)","time":"2024-01-31T00:27:36-03:00"}
{"command":"git symbolic-ref --short HEAD","level":"debug","msg":"RunCommand","time":"2024-01-31T00:27:36-03:00"}
{"level":"info","msg":"git symbolic-ref --short HEAD (1.116763ms)","time":"2024-01-31T00:27:36-03:00"}
{"level":"info","msg":"postRefreshUpdate for localBranches took 48.17µs","time":"2024-01-31T00:27:36-03:00"}
{"level":"debug","msg":"using cache for key rebase.updateRefs","time":"2024-01-31T00:27:36-03:00"}
{"command":"git diff --submodule --no-ext-diff --unified=3 --color=always --no-index -- /dev/null alacritty/alacritty.yml","level":"debug","msg":"RunCommand","time":"2024-01-31T00:27:37-03:00"}
{"level":"error","msg":"Unexpected error when running cmd task: exit status 1","time":"2024-01-31T00:27:37-03:00"}
{"command":"git diff --submodule --no-ext-diff --unified=3 --color=always -- alacritty","level":"debug","msg":"RunCommand","time":"2024-01-31T00:27:37-03:00"}
{"command":"git diff --submodule --no-ext-diff --unified=3 --color=always --no-index -- /dev/null alacritty/alacritty.yml","level":"debug","msg":"RunCommand","time":"2024-01-31T00:27:37-03:00"}
{"level":"error","msg":"Unexpected error when running cmd task: exit status 1","time":"2024-01-31T00:27:37-03:00"}
{"command":"git diff --submodule --no-ext-diff --unified=3 --color=always -- alacritty","level":"debug","msg":"RunCommand","time":"2024-01-31T00:27:38-03:00"}
{"level":"info","msg":"language: en-US","time":"2024-01-31T00:27:41-03:00"}
{"command":"git --version","level":"debug","msg":"RunCommand","time":"2024-01-31T00:27:41-03:00"}
{"level":"info","msg":"git --version (1.215258ms)","time":"2024-01-31T00:27:41-03:00"}
{"command":"git rev-parse --git-dir","level":"debug","msg":"RunCommand","time":"2024-01-31T00:27:41-03:00"}
{"level":"info","msg":"git rev-parse --git-dir (1.051009ms)","time":"2024-01-31T00:27:41-03:00"}
{"command":"git rev-parse --is-bare-repository","level":"debug","msg":"RunCommand","time":"2024-01-31T00:27:41-03:00"}
{"level":"info","msg":"git rev-parse --is-bare-repository (1.01918ms)","time":"2024-01-31T00:27:41-03:00"}
{"level":"info","msg":"starting main loop","time":"2024-01-31T00:27:41-03:00"}
{"level":"info","msg":"Binary is not built with the buildBinary flag so we won't check for an update","time":"2024-01-31T00:27:41-03:00"}
{"command":"git rev-parse --is-bare-repository","level":"debug","msg":"RunCommand","time":"2024-01-31T00:27:41-03:00"}
{"command":"git fetch --all","level":"debug","msg":"RunCommand","time":"2024-01-31T00:27:41-03:00"}
{"level":"info","msg":"git rev-parse --is-bare-repository (1.538875ms)","time":"2024-01-31T00:27:41-03:00"}
{"level":"info","msg":"refreshing all scopes in async mode","time":"2024-01-31T00:27:41-03:00"}
{"level":"info","msg":"Refresh took 65.633µs","time":"2024-01-31T00:27:41-03:00"}
{"command":"git merge-base HEAD HEAD@{u}","level":"debug","msg":"RunCommand","time":"2024-01-31T00:27:41-03:00"}
{"command":"git stash list -z --pretty=%gs","level":"debug","msg":"RunCommand","time":"2024-01-31T00:27:41-03:00"}
{"command":"git worktree list --porcelain","level":"debug","msg":"RunCommand","time":"2024-01-31T00:27:41-03:00"}
{"command":"git for-each-ref --sort=-committerdate --format=%(HEAD)%00%(refname:short)%00%(upstream:short)%00%(upstream:track)%00%(subject)%00%(objectname) refs/heads","level":"debug","msg":"RunCommand","time":"2024-01-31T00:27:41-03:00"}
{"command":"git tag --list -n --sort=-creatordate","level":"debug","msg":"RunCommand","time":"2024-01-31T00:27:41-03:00"}
{"command":"git rev-parse --symbolic-full-name main@{u}","level":"debug","msg":"RunCommand","time":"2024-01-31T00:27:41-03:00"}
{"command":"git rev-parse --symbolic-full-name master@{u}","level":"debug","msg":"RunCommand","time":"2024-01-31T00:27:41-03:00"}
{"command":"git merge-base HEAD HEAD@{u}","level":"error","msg":"fatal: Not a valid object name HEAD\n","time":"2024-01-31T00:27:41-03:00"}
{"level":"info","msg":"git merge-base HEAD HEAD@{u} (1.445068ms)","time":"2024-01-31T00:27:41-03:00"}
{"level":"info","msg":"git fetch --all (3.020331ms)","time":"2024-01-31T00:27:41-03:00"}
{"level":"info","msg":"refreshing the following scopes in async mode: branches,commits,remotes,tags","time":"2024-01-31T00:27:41-03:00"}
{"level":"info","msg":"Refresh took 32.902µs","time":"2024-01-31T00:27:41-03:00"}
{"command":"git tag --list -n --sort=-creatordate","level":"debug","msg":"RunCommand","time":"2024-01-31T00:27:41-03:00"}
{"level":"info","msg":"git for-each-ref --sort=-committerdate --format=%(HEAD)%00%(refname:short)%00%(upstream:short)%00%(upstream:track)%00%(subject)%00%(objectname) refs/heads (1.784524ms)","time":"2024-01-31T00:27:41-03:00"}
{"command":"git symbolic-ref --short HEAD","level":"debug","msg":"RunCommand","time":"2024-01-31T00:27:41-03:00"}
{"level":"debug","msg":"Error getting git config value for key: status.showUntrackedFiles. Error: the key is not found for [git config --get --null status.showUntrackedFiles]","time":"2024-01-31T00:27:41-03:00"}
{"command":"git status --untracked-files=all --porcelain -z","level":"debug","msg":"RunCommand","time":"2024-01-31T00:27:41-03:00"}
{"level":"info","msg":"git worktree list --porcelain (2.754793ms)","time":"2024-01-31T00:27:41-03:00"}
{"level":"info","msg":"postRefreshUpdate for localBranches took 10.68µs","time":"2024-01-31T00:27:41-03:00"}
{"level":"info","msg":"git log HEAD --topo-order --oneline --pretty=format:%H%x00%at%x00%aN%x00%ae%x00%D%x00%p%x00%s --abbrev=40 -300 --no-show-signature -- (2.922528ms)","time":"2024-01-31T00:27:41-03:00"}
{"level":"info","msg":"postRefreshUpdate for worktrees took 104.386µs","time":"2024-01-31T00:27:41-03:00"}
{"level":"info","msg":"git stash list -z --pretty=%gs (3.660641ms)","time":"2024-01-31T00:27:41-03:00"}
{"level":"info","msg":"postRefreshUpdate for stash took 7.775µs","time":"2024-01-31T00:27:41-03:00"}
{"level":"info","msg":"git -c log.showSignature=false log -g --abbrev=40 --format=%h%x00%ct%x00%gs%x00%p (3.528153ms)","time":"2024-01-31T00:27:41-03:00"}
{"level":"info","msg":"postRefreshUpdate for reflogCommits took 5.3µs","time":"2024-01-31T00:27:41-03:00"}
{"level":"info","msg":"git branch -r (2.067605ms)","time":"2024-01-31T00:27:41-03:00"}
{"level":"info","msg":"postRefreshUpdate for remotes took 6.362µs","time":"2024-01-31T00:27:41-03:00"}
{"level":"info","msg":"postRefreshUpdate for remoteBranches took 20.628µs","time":"2024-01-31T00:27:41-03:00"}
{"level":"info","msg":"git branch -r (3.299484ms)","time":"2024-01-31T00:27:41-03:00"}
{"command":"git rev-parse --symbolic-full-name main@{u}","level":"error","msg":"fatal: no such branch: 'main'\n","time":"2024-01-31T00:27:41-03:00"}
{"level":"info","msg":"git rev-parse --symbolic-full-name main@{u} (3.330883ms)","time":"2024-01-31T00:27:41-03:00"}
{"level":"info","msg":"postRefreshUpdate for remotes took 8.145µs","time":"2024-01-31T00:27:41-03:00"}
{"level":"info","msg":"postRefreshUpdate for remoteBranches took 3.457µs","time":"2024-01-31T00:27:41-03:00"}
{"command":"git rev-parse --verify --quiet refs/remotes/origin/main","level":"debug","msg":"RunCommand","time":"2024-01-31T00:27:41-03:00"}
{"level":"info","msg":"git tag --list -n --sort=-creatordate (3.776368ms)","time":"2024-01-31T00:27:41-03:00"}
{"level":"info","msg":"postRefreshUpdate for tags took 7.825µs","time":"2024-01-31T00:27:41-03:00"}
{"command":"git rev-parse --symbolic-full-name master@{u}","level":"error","msg":"fatal: no such branch: 'master'\n","time":"2024-01-31T00:27:41-03:00"}
{"level":"info","msg":"git rev-parse --symbolic-full-name master@{u} (3.574369ms)","time":"2024-01-31T00:27:41-03:00"}
{"command":"git rev-parse --verify --quiet refs/remotes/origin/master","level":"debug","msg":"RunCommand","time":"2024-01-31T00:27:41-03:00"}
{"level":"info","msg":"git -c log.showSignature=false log -g --abbrev=40 --format=%h%x00%ct%x00%gs%x00%p (2.88075ms)","time":"2024-01-31T00:27:41-03:00"}
{"level":"info","msg":"postRefreshUpdate for reflogCommits took 8.606µs","time":"2024-01-31T00:27:41-03:00"}
{"level":"info","msg":"git symbolic-ref --short HEAD (2.568133ms)","time":"2024-01-31T00:27:41-03:00"}
{"level":"info","msg":"git tag --list -n --sort=-creatordate (2.935232ms)","time":"2024-01-31T00:27:41-03:00"}
{"level":"info","msg":"postRefreshUpdate for tags took 6.462µs","time":"2024-01-31T00:27:41-03:00"}
{"level":"info","msg":"postRefreshUpdate for localBranches took 117.41µs","time":"2024-01-31T00:27:41-03:00"}
{"command":"git rev-parse --verify --quiet refs/remotes/origin/main","level":"error","msg":"","time":"2024-01-31T00:27:41-03:00"}
{"level":"info","msg":"git rev-parse --verify --quiet refs/remotes/origin/main (1.260312ms)","time":"2024-01-31T00:27:41-03:00"}
{"command":"git rev-parse --verify --quiet refs/heads/main","level":"debug","msg":"RunCommand","time":"2024-01-31T00:27:41-03:00"}
{"level":"info","msg":"git status --untracked-files=all --porcelain -z (3.14755ms)","time":"2024-01-31T00:27:41-03:00"}
{"command":"git rev-parse --verify --quiet refs/remotes/origin/master","level":"error","msg":"","time":"2024-01-31T00:27:41-03:00"}
{"level":"info","msg":"git rev-parse --verify --quiet refs/remotes/origin/master (1.461309ms)","time":"2024-01-31T00:27:41-03:00"}
{"command":"git rev-parse --verify --quiet refs/heads/master","level":"debug","msg":"RunCommand","time":"2024-01-31T00:27:41-03:00"}
{"level":"debug","msg":"Error getting git config value for key: rebase.updateRefs. Error: the key is not found for [git config --get --null rebase.updateRefs]","time":"2024-01-31T00:27:41-03:00"}
{"command":"git for-each-ref --sort=-committerdate --format=%(HEAD)%00%(refname:short)%00%(upstream:short)%00%(upstream:track)%00%(subject)%00%(objectname) refs/heads","level":"debug","msg":"RunCommand","time":"2024-01-31T00:27:41-03:00"}
{"command":"git rev-parse --verify --quiet refs/heads/main","level":"error","msg":"","time":"2024-01-31T00:27:41-03:00"}
{"level":"info","msg":"git rev-parse --verify --quiet refs/heads/main (1.298855ms)","time":"2024-01-31T00:27:41-03:00"}
{"level":"info","msg":"postRefreshUpdate for submodules took 12.603µs","time":"2024-01-31T00:27:41-03:00"}
{"command":"git rev-parse --verify --quiet refs/heads/master","level":"error","msg":"","time":"2024-01-31T00:27:41-03:00"}
{"level":"info","msg":"git rev-parse --verify --quiet refs/heads/master (1.319383ms)","time":"2024-01-31T00:27:41-03:00"}
{"command":"git rev-parse --abbrev-ref --verify HEAD","level":"debug","msg":"RunCommand","time":"2024-01-31T00:27:41-03:00"}
{"level":"info","msg":"git for-each-ref --sort=-committerdate --format=%(HEAD)%00%(refname:short)%00%(upstream:short)%00%(upstream:track)%00%(subject)%00%(objectname) refs/heads (1.192926ms)","time":"2024-01-31T00:27:41-03:00"}
{"command":"git symbolic-ref --short HEAD","level":"debug","msg":"RunCommand","time":"2024-01-31T00:27:41-03:00"}
{"command":"git diff --submodule --no-ext-diff --unified=3 --color=always -- btop","level":"debug","msg":"RunCommand","time":"2024-01-31T00:27:41-03:00"}
{"level":"info","msg":"postRefreshUpdate for files took 960.089µs","time":"2024-01-31T00:27:41-03:00"}
{"command":"git rev-parse --abbrev-ref --verify HEAD","level":"error","msg":"fatal: Needed a single revision\n","time":"2024-01-31T00:27:41-03:00"}
{"level":"info","msg":"git rev-parse --abbrev-ref --verify HEAD (1.324282ms)","time":"2024-01-31T00:27:41-03:00"}
{"level":"debug","msg":"using cache for key rebase.updateRefs","time":"2024-01-31T00:27:41-03:00"}
{"level":"info","msg":"postRefreshUpdate for commits took 19.546µs","time":"2024-01-31T00:27:41-03:00"}
{"command":"git merge-base HEAD HEAD@{u}","level":"debug","msg":"RunCommand","time":"2024-01-31T00:27:41-03:00"}
{"level":"info","msg":"git symbolic-ref --short HEAD (1.153081ms)","time":"2024-01-31T00:27:41-03:00"}
{"level":"info","msg":"postRefreshUpdate for localBranches took 62.528µs","time":"2024-01-31T00:27:41-03:00"}
{"level":"debug","msg":"using cache for key rebase.updateRefs","time":"2024-01-31T00:27:41-03:00"}
{"command":"git for-each-ref --sort=-committerdate --format=%(HEAD)%00%(refname:short)%00%(upstream:short)%00%(upstream:track)%00%(subject)%00%(objectname) refs/heads","level":"debug","msg":"RunCommand","time":"2024-01-31T00:27:41-03:00"}
{"level":"info","msg":"git log HEAD --topo-order --oneline --pretty=format:%H%x00%at%x00%aN%x00%ae%x00%D%x00%p%x00%s --abbrev=40 -300 --no-show-signature -- (1.358997ms)","time":"2024-01-31T00:27:41-03:00"}
{"command":"git merge-base HEAD HEAD@{u}","level":"error","msg":"fatal: Not a valid object name HEAD\n","time":"2024-01-31T00:27:41-03:00"}
{"level":"info","msg":"git merge-base HEAD HEAD@{u} (1.473051ms)","time":"2024-01-31T00:27:41-03:00"}
{"command":"git rev-parse --abbrev-ref --verify HEAD","level":"debug","msg":"RunCommand","time":"2024-01-31T00:27:41-03:00"}
{"level":"info","msg":"git for-each-ref --sort=-committerdate --format=%(HEAD)%00%(refname:short)%00%(upstream:short)%00%(upstream:track)%00%(subject)%00%(objectname) refs/heads (1.272865ms)","time":"2024-01-31T00:27:41-03:00"}
{"command":"git symbolic-ref --short HEAD","level":"debug","msg":"RunCommand","time":"2024-01-31T00:27:41-03:00"}
{"command":"git rev-parse --abbrev-ref --verify HEAD","level":"error","msg":"fatal: Needed a single revision\n","time":"2024-01-31T00:27:41-03:00"}
{"level":"info","msg":"git rev-parse --abbrev-ref --verify HEAD (1.163891ms)","time":"2024-01-31T00:27:41-03:00"}
{"level":"debug","msg":"using cache for key rebase.updateRefs","time":"2024-01-31T00:27:41-03:00"}
{"level":"info","msg":"postRefreshUpdate for commits took 14.357µs","time":"2024-01-31T00:27:41-03:00"}
{"level":"info","msg":"git symbolic-ref --short HEAD (1.206862ms)","time":"2024-01-31T00:27:41-03:00"}
{"level":"info","msg":"postRefreshUpdate for localBranches took 41.528µs","time":"2024-01-31T00:27:41-03:00"}
{"level":"debug","msg":"using cache for key rebase.updateRefs","time":"2024-01-31T00:27:41-03:00"}
{"command":"git for-each-ref --sort=-committerdate --format=%(HEAD)%00%(refname:short)%00%(upstream:short)%00%(upstream:track)%00%(subject)%00%(objectname) refs/heads","level":"debug","msg":"RunCommand","time":"2024-01-31T00:27:41-03:00"}
{"level":"info","msg":"git for-each-ref --sort=-committerdate --format=%(HEAD)%00%(refname:short)%00%(upstream:short)%00%(upstream:track)%00%(subject)%00%(objectname) refs/heads (1.07237ms)","time":"2024-01-31T00:27:41-03:00"}
{"command":"git symbolic-ref --short HEAD","level":"debug","msg":"RunCommand","time":"2024-01-31T00:27:41-03:00"}
{"level":"info","msg":"git symbolic-ref --short HEAD (1.043335ms)","time":"2024-01-31T00:27:41-03:00"}
{"level":"info","msg":"postRefreshUpdate for localBranches took 42.539µs","time":"2024-01-31T00:27:41-03:00"}
{"level":"debug","msg":"using cache for key rebase.updateRefs","time":"2024-01-31T00:27:41-03:00"}
{"command":"git diff --submodule --no-ext-diff --unified=3 --color=always --no-index -- /dev/null btop/btop.conf","level":"debug","msg":"RunCommand","time":"2024-01-31T00:27:42-03:00"}
{"level":"error","msg":"Unexpected error when running cmd task: exit status 1","time":"2024-01-31T00:27:42-03:00"}
{"command":"git diff --submodule --no-ext-diff --unified=3 --color=always -- btop","level":"debug","msg":"RunCommand","time":"2024-01-31T00:27:42-03:00"}
{"level":"info","msg":"language: en-US","time":"2024-01-31T00:29:25-03:00"}
{"command":"git --version","level":"debug","msg":"RunCommand","time":"2024-01-31T00:29:25-03:00"}
{"level":"info","msg":"git --version (1.852603ms)","time":"2024-01-31T00:29:25-03:00"}
{"command":"git rev-parse --git-dir","level":"debug","msg":"RunCommand","time":"2024-01-31T00:29:25-03:00"}
{"level":"info","msg":"git rev-parse --git-dir (1.268768ms)","time":"2024-01-31T00:29:25-03:00"}
{"command":"git rev-parse --is-bare-repository","level":"debug","msg":"RunCommand","time":"2024-01-31T00:29:25-03:00"}
{"level":"info","msg":"git rev-parse --is-bare-repository (1.19512ms)","time":"2024-01-31T00:29:25-03:00"}
{"level":"info","msg":"starting main loop","time":"2024-01-31T00:29:25-03:00"}
{"level":"info","msg":"Binary is not built with the buildBinary flag so we won't check for an update","time":"2024-01-31T00:29:25-03:00"}
{"command":"git fetch --all","level":"debug","msg":"RunCommand","time":"2024-01-31T00:29:25-03:00"}
{"command":"git rev-parse --is-bare-repository","level":"debug","msg":"RunCommand","time":"2024-01-31T00:29:25-03:00"}
{"level":"info","msg":"git rev-parse --is-bare-repository (2.211565ms)","time":"2024-01-31T00:29:25-03:00"}
{"level":"info","msg":"refreshing all scopes in async mode","time":"2024-01-31T00:29:25-03:00"}
{"level":"info","msg":"Refresh took 76.563µs","time":"2024-01-31T00:29:25-03:00"}
{"command":"git tag --list -n --sort=-creatordate","level":"debug","msg":"RunCommand","time":"2024-01-31T00:29:25-03:00"}
{"command":"git worktree list --porcelain","level":"debug","msg":"RunCommand","time":"2024-01-31T00:29:25-03:00"}
{"command":"git stash list -z --pretty=%gs","level":"debug","msg":"RunCommand","time":"2024-01-31T00:29:25-03:00"}
{"command":"git rev-parse --symbolic-full-name main@{u}","level":"debug","msg":"RunCommand","time":"2024-01-31T00:29:25-03:00"}
{"command":"git merge-base HEAD HEAD@{u}","level":"debug","msg":"RunCommand","time":"2024-01-31T00:29:25-03:00"}
{"command":"git rev-parse --symbolic-full-name master@{u}","level":"debug","msg":"RunCommand","time":"2024-01-31T00:29:25-03:00"}
{"level":"info","msg":"git fetch --all (2.637985ms)","time":"2024-01-31T00:29:25-03:00"}
{"level":"info","msg":"refreshing the following scopes in async mode: branches,commits,remotes,tags","time":"2024-01-31T00:29:25-03:00"}
{"level":"info","msg":"Refresh took 28.103µs","time":"2024-01-31T00:29:25-03:00"}
{"command":"git for-each-ref --sort=-committerdate --format=%(HEAD)%00%(refname:short)%00%(upstream:short)%00%(upstream:track)%00%(subject)%00%(objectname) refs/heads","level":"debug","msg":"RunCommand","time":"2024-01-31T00:29:25-03:00"}
{"command":"git tag --list -n --sort=-creatordate","level":"debug","msg":"RunCommand","time":"2024-01-31T00:29:25-03:00"}
{"command":"git rev-parse --symbolic-full-name main@{u}","level":"error","msg":"fatal: no such branch: 'main'\n","time":"2024-01-31T00:29:25-03:00"}
{"level":"info","msg":"git rev-parse --symbolic-full-name main@{u} (1.463182ms)","time":"2024-01-31T00:29:25-03:00"}
{"command":"git rev-parse --verify --quiet refs/remotes/origin/main","level":"debug","msg":"RunCommand","time":"2024-01-31T00:29:25-03:00"}
{"command":"git merge-base HEAD HEAD@{u}","level":"error","msg":"fatal: Not a valid object name HEAD\n","time":"2024-01-31T00:29:25-03:00"}
{"level":"info","msg":"git merge-base HEAD HEAD@{u} (1.545527ms)","time":"2024-01-31T00:29:25-03:00"}
{"level":"info","msg":"git worktree list --porcelain (1.820582ms)","time":"2024-01-31T00:29:25-03:00"}
{"level":"info","msg":"postRefreshUpdate for localBranches took 11.131µs","time":"2024-01-31T00:29:25-03:00"}
{"level":"info","msg":"postRefreshUpdate for worktrees took 112.06µs","time":"2024-01-31T00:29:25-03:00"}
{"level":"info","msg":"git stash list -z --pretty=%gs (1.922834ms)","time":"2024-01-31T00:29:25-03:00"}
{"level":"info","msg":"postRefreshUpdate for stash took 13.645µs","time":"2024-01-31T00:29:25-03:00"}
{"level":"info","msg":"git tag --list -n --sort=-creatordate (2.271597ms)","time":"2024-01-31T00:29:25-03:00"}
{"level":"info","msg":"postRefreshUpdate for tags took 6.091µs","time":"2024-01-31T00:29:25-03:00"}
{"level":"debug","msg":"Error getting git config value for key: status.showUntrackedFiles. Error: the key is not found for [git config --get --null status.showUntrackedFiles]","time":"2024-01-31T00:29:25-03:00"}
{"command":"git status --untracked-files=all --porcelain -z","level":"debug","msg":"RunCommand","time":"2024-01-31T00:29:25-03:00"}
{"level":"info","msg":"git -c log.showSignature=false log -g --abbrev=40 --format=%h%x00%ct%x00%gs%x00%p (2.675134ms)","time":"2024-01-31T00:29:25-03:00"}
{"level":"info","msg":"postRefreshUpdate for reflogCommits took 6.222µs","time":"2024-01-31T00:29:25-03:00"}
{"level":"info","msg":"git branch -r (2.638946ms)","time":"2024-01-31T00:29:25-03:00"}
{"level":"info","msg":"postRefreshUpdate for remotes took 5.881µs","time":"2024-01-31T00:29:25-03:00"}
{"level":"info","msg":"git log HEAD --topo-order --oneline --pretty=format:%H%x00%at%x00%aN%x00%ae%x00%D%x00%p%x00%s --abbrev=40 -300 --no-show-signature -- (2.740436ms)","time":"2024-01-31T00:29:25-03:00"}
{"command":"git rev-parse --symbolic-full-name master@{u}","level":"error","msg":"fatal: no such branch: 'master'\n","time":"2024-01-31T00:29:25-03:00"}
{"level":"info","msg":"git rev-parse --symbolic-full-name master@{u} (2.708196ms)","time":"2024-01-31T00:29:25-03:00"}
{"level":"info","msg":"postRefreshUpdate for remoteBranches took 34.415µs","time":"2024-01-31T00:29:25-03:00"}
{"level":"info","msg":"git for-each-ref --sort=-committerdate --format=%(HEAD)%00%(refname:short)%00%(upstream:short)%00%(upstream:track)%00%(subject)%00%(objectname) refs/heads (3.230094ms)","time":"2024-01-31T00:29:25-03:00"}
{"command":"git rev-parse --verify --quiet refs/remotes/origin/master","level":"debug","msg":"RunCommand","time":"2024-01-31T00:29:25-03:00"}
{"command":"git symbolic-ref --short HEAD","level":"debug","msg":"RunCommand","time":"2024-01-31T00:29:25-03:00"}
{"level":"info","msg":"git branch -r (3.854665ms)","time":"2024-01-31T00:29:25-03:00"}
{"level":"info","msg":"postRefreshUpdate for remotes took 5.911µs","time":"2024-01-31T00:29:25-03:00"}
{"level":"info","msg":"postRefreshUpdate for remoteBranches took 2.404µs","time":"2024-01-31T00:29:25-03:00"}
{"level":"info","msg":"git tag --list -n --sort=-creatordate (3.853242ms)","time":"2024-01-31T00:29:25-03:00"}
{"level":"info","msg":"postRefreshUpdate for tags took 2.885µs","time":"2024-01-31T00:29:25-03:00"}
{"command":"git rev-parse --verify --quiet refs/remotes/origin/master","level":"error","msg":"","time":"2024-01-31T00:29:25-03:00"}
{"level":"info","msg":"git -c log.showSignature=false log -g --abbrev=40 --format=%h%x00%ct%x00%gs%x00%p (4.561008ms)","time":"2024-01-31T00:29:25-03:00"}
{"level":"info","msg":"postRefreshUpdate for reflogCommits took 8.816µs","time":"2024-01-31T00:29:25-03:00"}
{"level":"info","msg":"git rev-parse --verify --quiet refs/remotes/origin/master (1.25906ms)","time":"2024-01-31T00:29:25-03:00"}
{"command":"git rev-parse --verify --quiet refs/heads/master","level":"debug","msg":"RunCommand","time":"2024-01-31T00:29:25-03:00"}
{"command":"git rev-parse --verify --quiet refs/remotes/origin/main","level":"error","msg":"","time":"2024-01-31T00:29:25-03:00"}
{"level":"info","msg":"git rev-parse --verify --quiet refs/remotes/origin/main (3.519026ms)","time":"2024-01-31T00:29:25-03:00"}
{"command":"git rev-parse --verify --quiet refs/heads/main","level":"debug","msg":"RunCommand","time":"2024-01-31T00:29:25-03:00"}
{"level":"info","msg":"git symbolic-ref --short HEAD (1.910781ms)","time":"2024-01-31T00:29:25-03:00"}
{"level":"info","msg":"postRefreshUpdate for localBranches took 113.042µs","time":"2024-01-31T00:29:25-03:00"}
{"level":"info","msg":"git status --untracked-files=all --porcelain -z (3.283414ms)","time":"2024-01-31T00:29:25-03:00"}
{"command":"git rev-parse --verify --quiet refs/heads/master","level":"error","msg":"","time":"2024-01-31T00:29:25-03:00"}
{"level":"info","msg":"git rev-parse --verify --quiet refs/heads/master (1.13085ms)","time":"2024-01-31T00:29:25-03:00"}
{"command":"git rev-parse --verify --quiet refs/heads/main","level":"error","msg":"","time":"2024-01-31T00:29:25-03:00"}
{"level":"info","msg":"git rev-parse --verify --quiet refs/heads/main (1.137211ms)","time":"2024-01-31T00:29:25-03:00"}
{"command":"git rev-parse --abbrev-ref --verify HEAD","level":"debug","msg":"RunCommand","time":"2024-01-31T00:29:25-03:00"}
{"level":"debug","msg":"Error getting git config value for key: rebase.updateRefs. Error: the key is not found for [git config --get --null rebase.updateRefs]","time":"2024-01-31T00:29:25-03:00"}
{"command":"git for-each-ref --sort=-committerdate --format=%(HEAD)%00%(refname:short)%00%(upstream:short)%00%(upstream:track)%00%(subject)%00%(objectname) refs/heads","level":"debug","msg":"RunCommand","time":"2024-01-31T00:29:25-03:00"}
{"command":"git rev-parse --abbrev-ref --verify HEAD","level":"error","msg":"fatal: Needed a single revision\n","time":"2024-01-31T00:29:25-03:00"}
{"level":"info","msg":"git rev-parse --abbrev-ref --verify HEAD (1.202924ms)","time":"2024-01-31T00:29:25-03:00"}
{"level":"debug","msg":"using cache for key rebase.updateRefs","time":"2024-01-31T00:29:25-03:00"}
{"level":"info","msg":"postRefreshUpdate for commits took 14.918µs","time":"2024-01-31T00:29:25-03:00"}
{"command":"git merge-base HEAD HEAD@{u}","level":"debug","msg":"RunCommand","time":"2024-01-31T00:29:25-03:00"}
{"level":"info","msg":"postRefreshUpdate for submodules took 4.939µs","time":"2024-01-31T00:29:25-03:00"}
{"level":"info","msg":"git for-each-ref --sort=-committerdate --format=%(HEAD)%00%(refname:short)%00%(upstream:short)%00%(upstream:track)%00%(subject)%00%(objectname) refs/heads (1.204708ms)","time":"2024-01-31T00:29:25-03:00"}
{"command":"git symbolic-ref --short HEAD","level":"debug","msg":"RunCommand","time":"2024-01-31T00:29:25-03:00"}
{"command":"git merge-base HEAD HEAD@{u}","level":"error","msg":"fatal: Not a valid object name HEAD\n","time":"2024-01-31T00:29:25-03:00"}
{"level":"info","msg":"git merge-base HEAD HEAD@{u} (1.180974ms)","time":"2024-01-31T00:29:25-03:00"}
{"level":"info","msg":"git log HEAD --topo-order --oneline --pretty=format:%H%x00%at%x00%aN%x00%ae%x00%D%x00%p%x00%s --abbrev=40 -300 --no-show-signature -- (1.370278ms)","time":"2024-01-31T00:29:25-03:00"}
{"command":"git rev-parse --abbrev-ref --verify HEAD","level":"debug","msg":"RunCommand","time":"2024-01-31T00:29:25-03:00"}
{"command":"git diff --submodule --no-ext-diff --unified=3 --color=always -- btop","level":"debug","msg":"RunCommand","time":"2024-01-31T00:29:25-03:00"}
{"level":"info","msg":"postRefreshUpdate for files took 943.519µs","time":"2024-01-31T00:29:25-03:00"}
{"level":"info","msg":"git symbolic-ref --short HEAD (1.195992ms)","time":"2024-01-31T00:29:25-03:00"}
{"level":"info","msg":"postRefreshUpdate for localBranches took 59.111µs","time":"2024-01-31T00:29:25-03:00"}
{"level":"debug","msg":"using cache for key rebase.updateRefs","time":"2024-01-31T00:29:25-03:00"}
{"command":"git for-each-ref --sort=-committerdate --format=%(HEAD)%00%(refname:short)%00%(upstream:short)%00%(upstream:track)%00%(subject)%00%(objectname) refs/heads","level":"debug","msg":"RunCommand","time":"2024-01-31T00:29:25-03:00"}
{"command":"git rev-parse --abbrev-ref --verify HEAD","level":"error","msg":"fatal: Needed a single revision\n","time":"2024-01-31T00:29:25-03:00"}
{"level":"info","msg":"git rev-parse --abbrev-ref --verify HEAD (1.144435ms)","time":"2024-01-31T00:29:25-03:00"}
{"level":"debug","msg":"using cache for key rebase.updateRefs","time":"2024-01-31T00:29:25-03:00"}
{"level":"info","msg":"postRefreshUpdate for commits took 15.99µs","time":"2024-01-31T00:29:25-03:00"}
{"level":"info","msg":"git for-each-ref --sort=-committerdate --format=%(HEAD)%00%(refname:short)%00%(upstream:short)%00%(upstream:track)%00%(subject)%00%(objectname) refs/heads (1.20063ms)","time":"2024-01-31T00:29:25-03:00"}
{"command":"git symbolic-ref --short HEAD","level":"debug","msg":"RunCommand","time":"2024-01-31T00:29:25-03:00"}
{"level":"info","msg":"git symbolic-ref --short HEAD (1.152831ms)","time":"2024-01-31T00:29:25-03:00"}
{"level":"info","msg":"postRefreshUpdate for localBranches took 59.01µs","time":"2024-01-31T00:29:25-03:00"}
{"level":"debug","msg":"using cache for key rebase.updateRefs","time":"2024-01-31T00:29:25-03:00"}
{"command":"git for-each-ref --sort=-committerdate --format=%(HEAD)%00%(refname:short)%00%(upstream:short)%00%(upstream:track)%00%(subject)%00%(objectname) refs/heads","level":"debug","msg":"RunCommand","time":"2024-01-31T00:29:25-03:00"}
{"level":"info","msg":"git for-each-ref --sort=-committerdate --format=%(HEAD)%00%(refname:short)%00%(upstream:short)%00%(upstream:track)%00%(subject)%00%(objectname) refs/heads (1.113627ms)","time":"2024-01-31T00:29:25-03:00"}
{"command":"git symbolic-ref --short HEAD","level":"debug","msg":"RunCommand","time":"2024-01-31T00:29:25-03:00"}
{"level":"info","msg":"git symbolic-ref --short HEAD (1.089983ms)","time":"2024-01-31T00:29:25-03:00"}
{"level":"info","msg":"postRefreshUpdate for localBranches took 41.738µs","time":"2024-01-31T00:29:25-03:00"}
{"level":"debug","msg":"using cache for key rebase.updateRefs","time":"2024-01-31T00:29:25-03:00"}
{"command":"git diff --submodule --no-ext-diff --unified=3 --color=always --no-index -- /dev/null btop/btop.conf","level":"debug","msg":"RunCommand","time":"2024-01-31T00:29:25-03:00"}
{"level":"error","msg":"Unexpected error when running cmd task: exit status 1","time":"2024-01-31T00:29:25-03:00"}
{"command":"git diff --submodule --no-ext-diff --unified=3 --color=always -- btop","level":"debug","msg":"RunCommand","time":"2024-01-31T00:29:26-03:00"}
{"level":"info","msg":"postRefreshUpdate for menu took 97.433µs","time":"2024-01-31T00:29:27-03:00"}
{"command":"git diff --submodule --no-ext-diff --unified=3 --color=always -- btop","level":"debug","msg":"RunCommand","time":"2024-01-31T00:29:27-03:00"}
{"command":"Appending 'btop' to file '.gitignore'","level":"info","msg":"RunCommand","time":"2024-01-31T00:29:27-03:00"}
{"level":"info","msg":"refreshing the following scopes in sync mode: files","time":"2024-01-31T00:29:27-03:00"}
{"level":"info","msg":"refreshed merge conflicts in 4.368µs","time":"2024-01-31T00:29:27-03:00"}
{"level":"debug","msg":"using cache for key status.showUntrackedFiles","time":"2024-01-31T00:29:27-03:00"}
{"command":"git status --untracked-files=all --porcelain -z","level":"debug","msg":"RunCommand","time":"2024-01-31T00:29:27-03:00"}
{"level":"info","msg":"git status --untracked-files=all --porcelain -z (2.666608ms)","time":"2024-01-31T00:29:27-03:00"}
{"level":"info","msg":"refreshed files in 3.017997ms","time":"2024-01-31T00:29:27-03:00"}
{"level":"info","msg":"Refresh took 3.07275ms","time":"2024-01-31T00:29:27-03:00"}
{"level":"info","msg":"postRefreshUpdate for submodules took 12.113µs","time":"2024-01-31T00:29:27-03:00"}
{"command":"git diff --submodule --no-ext-diff --unified=3 --color=always -- dconf","level":"debug","msg":"RunCommand","time":"2024-01-31T00:29:27-03:00"}
{"level":"info","msg":"postRefreshUpdate for files took 1.116232ms","time":"2024-01-31T00:29:27-03:00"}
{"level":"info","msg":"postRefreshUpdate for menu took 51.527µs","time":"2024-01-31T00:29:28-03:00"}
{"command":"git diff --submodule --no-ext-diff --unified=3 --color=always -- dconf","level":"debug","msg":"RunCommand","time":"2024-01-31T00:29:28-03:00"}
{"command":"Appending 'dconf' to file '.gitignore'","level":"info","msg":"RunCommand","time":"2024-01-31T00:29:28-03:00"}
{"level":"info","msg":"refreshing the following scopes in sync mode: files","time":"2024-01-31T00:29:28-03:00"}
{"level":"debug","msg":"using cache for key status.showUntrackedFiles","time":"2024-01-31T00:29:28-03:00"}
{"command":"git status --untracked-files=all --porcelain -z","level":"debug","msg":"RunCommand","time":"2024-01-31T00:29:28-03:00"}
{"level":"info","msg":"refreshed merge conflicts in 19.967µs","time":"2024-01-31T00:29:28-03:00"}
{"level":"info","msg":"git status --untracked-files=all --porcelain -z (3.374946ms)","time":"2024-01-31T00:29:28-03:00"}
{"level":"info","msg":"refreshed files in 3.683914ms","time":"2024-01-31T00:29:28-03:00"}
{"level":"info","msg":"Refresh took 3.751451ms","time":"2024-01-31T00:29:28-03:00"}
{"level":"info","msg":"postRefreshUpdate for submodules took 11.001µs","time":"2024-01-31T00:29:28-03:00"}
{"command":"git diff --submodule --no-ext-diff --unified=3 --color=always -- dmenu","level":"debug","msg":"RunCommand","time":"2024-01-31T00:29:28-03:00"}
{"level":"info","msg":"postRefreshUpdate for files took 977.682µs","time":"2024-01-31T00:29:28-03:00"}
{"command":"git diff --submodule --no-ext-diff --unified=3 --color=always --cached -- dmenu","level":"debug","msg":"RunCommand","time":"2024-01-31T00:29:29-03:00"}
{"level":"info","msg":"postRefreshUpdate for files took 1.147891ms","time":"2024-01-31T00:29:29-03:00"}
{"command":"git add -- dmenu","level":"debug","msg":"RunCommand","time":"2024-01-31T00:29:29-03:00"}
{"level":"info","msg":"git add -- dmenu (10.736133ms)","time":"2024-01-31T00:29:29-03:00"}
{"level":"info","msg":"refreshing the following scopes in async mode: files","time":"2024-01-31T00:29:29-03:00"}
{"level":"info","msg":"Refresh took 51.005µs","time":"2024-01-31T00:29:29-03:00"}
{"level":"debug","msg":"using cache for key status.showUntrackedFiles","time":"2024-01-31T00:29:29-03:00"}
{"command":"git diff --submodule --no-ext-diff --unified=3 --color=always --cached -- dmenu","level":"debug","msg":"RunCommand","time":"2024-01-31T00:29:29-03:00"}
{"command":"git status --untracked-files=all --porcelain -z","level":"debug","msg":"RunCommand","time":"2024-01-31T00:29:29-03:00"}
{"level":"info","msg":"git status --untracked-files=all --porcelain -z (3.090873ms)","time":"2024-01-31T00:29:29-03:00"}
{"level":"info","msg":"postRefreshUpdate for submodules took 10.25µs","time":"2024-01-31T00:29:29-03:00"}
{"command":"git diff --submodule --no-ext-diff --unified=3 --color=always --cached -- dmenu","level":"debug","msg":"RunCommand","time":"2024-01-31T00:29:29-03:00"}
{"level":"info","msg":"postRefreshUpdate for files took 661.851µs","time":"2024-01-31T00:29:29-03:00"}
{"command":"git diff --submodule --no-ext-diff --unified=3 --color=always --cached -- dmenu","level":"debug","msg":"RunCommand","time":"2024-01-31T00:29:30-03:00"}
{"level":"info","msg":"postRefreshUpdate for files took 975.248µs","time":"2024-01-31T00:29:30-03:00"}
{"command":"git diff --submodule --no-ext-diff --unified=3 --color=always -- enchant","level":"debug","msg":"RunCommand","time":"2024-01-31T00:29:31-03:00"}
{"level":"info","msg":"postRefreshUpdate for menu took 36.979µs","time":"2024-01-31T00:29:32-03:00"}
{"command":"git diff --submodule --no-ext-diff --unified=3 --color=always -- enchant","level":"debug","msg":"RunCommand","time":"2024-01-31T00:29:32-03:00"}
{"command":"Appending 'enchant' to file '.gitignore'","level":"info","msg":"RunCommand","time":"2024-01-31T00:29:32-03:00"}
{"level":"info","msg":"refreshing the following scopes in sync mode: files","time":"2024-01-31T00:29:32-03:00"}
{"level":"info","msg":"refreshed merge conflicts in 18.635µs","time":"2024-01-31T00:29:32-03:00"}
{"level":"debug","msg":"using cache for key status.showUntrackedFiles","time":"2024-01-31T00:29:32-03:00"}
{"command":"git status --untracked-files=all --porcelain -z","level":"debug","msg":"RunCommand","time":"2024-01-31T00:29:32-03:00"}
{"level":"info","msg":"git status --untracked-files=all --porcelain -z (2.238866ms)","time":"2024-01-31T00:29:32-03:00"}
{"level":"info","msg":"refreshed files in 2.62492ms","time":"2024-01-31T00:29:32-03:00"}
{"level":"info","msg":"Refresh took 2.690011ms","time":"2024-01-31T00:29:32-03:00"}
{"level":"info","msg":"postRefreshUpdate for submodules took 12.704µs","time":"2024-01-31T00:29:32-03:00"}
{"command":"git diff --submodule --no-ext-diff --unified=3 --color=always -- evolution/sources","level":"debug","msg":"RunCommand","time":"2024-01-31T00:29:32-03:00"}
{"level":"info","msg":"postRefreshUpdate for files took 625.703µs","time":"2024-01-31T00:29:32-03:00"}
{"level":"info","msg":"postRefreshUpdate for menu took 48.121µs","time":"2024-01-31T00:29:33-03:00"}
{"command":"git diff --submodule --no-ext-diff --unified=3 --color=always -- evolution/sources","level":"debug","msg":"RunCommand","time":"2024-01-31T00:29:33-03:00"}
{"command":"Appending 'evolution/sources' to file '.gitignore'","level":"info","msg":"RunCommand","time":"2024-01-31T00:29:33-03:00"}
{"level":"info","msg":"refreshing the following scopes in sync mode: files","time":"2024-01-31T00:29:33-03:00"}
{"level":"info","msg":"refreshed merge conflicts in 133.039µs","time":"2024-01-31T00:29:33-03:00"}
{"level":"debug","msg":"using cache for key status.showUntrackedFiles","time":"2024-01-31T00:29:33-03:00"}
{"command":"git status --untracked-files=all --porcelain -z","level":"debug","msg":"RunCommand","time":"2024-01-31T00:29:33-03:00"}
{"level":"info","msg":"git status --untracked-files=all --porcelain -z (2.089506ms)","time":"2024-01-31T00:29:33-03:00"}
{"level":"info","msg":"refreshed files in 2.517138ms","time":"2024-01-31T00:29:33-03:00"}
{"level":"info","msg":"Refresh took 2.550831ms","time":"2024-01-31T00:29:33-03:00"}
{"level":"info","msg":"postRefreshUpdate for submodules took 10.79µs","time":"2024-01-31T00:29:33-03:00"}
{"command":"git diff --submodule --no-ext-diff --unified=3 --color=always -- gtk-2.0","level":"debug","msg":"RunCommand","time":"2024-01-31T00:29:33-03:00"}
{"level":"info","msg":"postRefreshUpdate for files took 453.52µs","time":"2024-01-31T00:29:33-03:00"}
{"level":"info","msg":"refreshing the following scopes in sync mode: files","time":"2024-01-31T00:29:35-03:00"}
{"level":"info","msg":"refreshed merge conflicts in 11.872µs","time":"2024-01-31T00:29:35-03:00"}
{"level":"debug","msg":"using cache for key status.showUntrackedFiles","time":"2024-01-31T00:29:35-03:00"}
{"command":"git status --untracked-files=all --porcelain -z","level":"debug","msg":"RunCommand","time":"2024-01-31T00:29:35-03:00"}
{"level":"info","msg":"git status --untracked-files=all --porcelain -z (3.402708ms)","time":"2024-01-31T00:29:35-03:00"}
{"level":"info","msg":"refreshed files in 3.73461ms","time":"2024-01-31T00:29:35-03:00"}
{"level":"info","msg":"Refresh took 3.859875ms","time":"2024-01-31T00:29:35-03:00"}
{"level":"info","msg":"postRefreshUpdate for submodules took 9.137µs","time":"2024-01-31T00:29:35-03:00"}
{"command":"git diff --submodule --no-ext-diff --unified=3 --color=always -- gtk-2.0","level":"debug","msg":"RunCommand","time":"2024-01-31T00:29:35-03:00"}
{"level":"info","msg":"postRefreshUpdate for files took 638.497µs","time":"2024-01-31T00:29:35-03:00"}
{"level":"info","msg":"postRefreshUpdate for menu took 314.199µs","time":"2024-01-31T00:29:35-03:00"}
{"command":"git diff --submodule --no-ext-diff --unified=3 --color=always -- gtk-2.0","level":"debug","msg":"RunCommand","time":"2024-01-31T00:29:36-03:00"}
{"command":"Appending 'gtk-2.0' to file '.gitignore'","level":"info","msg":"RunCommand","time":"2024-01-31T00:29:36-03:00"}
{"level":"info","msg":"refreshing the following scopes in sync mode: files","time":"2024-01-31T00:29:36-03:00"}
{"level":"debug","msg":"using cache for key status.showUntrackedFiles","time":"2024-01-31T00:29:36-03:00"}
{"level":"info","msg":"refreshed merge conflicts in 10.48µs","time":"2024-01-31T00:29:36-03:00"}
{"command":"git status --untracked-files=all --porcelain -z","level":"debug","msg":"RunCommand","time":"2024-01-31T00:29:36-03:00"}
{"level":"info","msg":"git status --untracked-files=all --porcelain -z (3.185641ms)","time":"2024-01-31T00:29:36-03:00"}
{"level":"info","msg":"refreshed files in 3.596301ms","time":"2024-01-31T00:29:36-03:00"}
{"level":"info","msg":"Refresh took 3.625205ms","time":"2024-01-31T00:29:36-03:00"}
{"level":"info","msg":"postRefreshUpdate for submodules took 12.153µs","time":"2024-01-31T00:29:36-03:00"}
{"command":"git diff --submodule --no-ext-diff --unified=3 --color=always -- gtk-3.0","level":"debug","msg":"RunCommand","time":"2024-01-31T00:29:36-03:00"}
{"level":"info","msg":"postRefreshUpdate for files took 576.671µs","time":"2024-01-31T00:29:36-03:00"}
{"level":"info","msg":"postRefreshUpdate for menu took 32.04µs","time":"2024-01-31T00:29:36-03:00"}
{"command":"git diff --submodule --no-ext-diff --unified=3 --color=always -- gtk-3.0","level":"debug","msg":"RunCommand","time":"2024-01-31T00:29:36-03:00"}
{"command":"Appending 'gtk-3.0' to file '.gitignore'","level":"info","msg":"RunCommand","time":"2024-01-31T00:29:36-03:00"}
{"level":"info","msg":"refreshing the following scopes in sync mode: files","time":"2024-01-31T00:29:36-03:00"}
{"level":"info","msg":"refreshed merge conflicts in 11.221µs","time":"2024-01-31T00:29:36-03:00"}
{"level":"debug","msg":"using cache for key status.showUntrackedFiles","time":"2024-01-31T00:29:36-03:00"}
{"command":"git status --untracked-files=all --porcelain -z","level":"debug","msg":"RunCommand","time":"2024-01-31T00:29:36-03:00"}
{"level":"info","msg":"git status --untracked-files=all --porcelain -z (2.308286ms)","time":"2024-01-31T00:29:36-03:00"}
{"level":"info","msg":"refreshed files in 2.55047ms","time":"2024-01-31T00:29:36-03:00"}
{"level":"info","msg":"Refresh took 2.586247ms","time":"2024-01-31T00:29:36-03:00"}
{"level":"info","msg":"postRefreshUpdate for submodules took 10.66µs","time":"2024-01-31T00:29:36-03:00"}
{"command":"git diff --submodule --no-ext-diff --unified=3 --color=always -- i3","level":"debug","msg":"RunCommand","time":"2024-01-31T00:29:36-03:00"}
{"level":"info","msg":"postRefreshUpdate for files took 542.316µs","time":"2024-01-31T00:29:36-03:00"}
{"command":"git diff --submodule --no-ext-diff --unified=3 --color=always --cached -- i3","level":"debug","msg":"RunCommand","time":"2024-01-31T00:29:37-03:00"}
{"level":"info","msg":"postRefreshUpdate for files took 428.172µs","time":"2024-01-31T00:29:37-03:00"}
{"command":"git add -- i3","level":"debug","msg":"RunCommand","time":"2024-01-31T00:29:37-03:00"}
{"level":"info","msg":"git add -- i3 (16.938036ms)","time":"2024-01-31T00:29:37-03:00"}
{"level":"info","msg":"refreshing the following scopes in async mode: files","time":"2024-01-31T00:29:37-03:00"}
{"level":"info","msg":"Refresh took 38.973µs","time":"2024-01-31T00:29:37-03:00"}
{"level":"debug","msg":"using cache for key status.showUntrackedFiles","time":"2024-01-31T00:29:37-03:00"}
{"command":"git diff --submodule --no-ext-diff --unified=3 --color=always --cached -- i3","level":"debug","msg":"RunCommand","time":"2024-01-31T00:29:37-03:00"}
{"command":"git status --untracked-files=all --porcelain -z","level":"debug","msg":"RunCommand","time":"2024-01-31T00:29:37-03:00"}
{"level":"info","msg":"git status --untracked-files=all --porcelain -z (3.271401ms)","time":"2024-01-31T00:29:37-03:00"}
{"level":"info","msg":"postRefreshUpdate for submodules took 7.083µs","time":"2024-01-31T00:29:37-03:00"}
{"command":"git diff --submodule --no-ext-diff --unified=3 --color=always --cached -- i3","level":"debug","msg":"RunCommand","time":"2024-01-31T00:29:37-03:00"}
{"level":"info","msg":"postRefreshUpdate for files took 291.466µs","time":"2024-01-31T00:29:37-03:00"}
{"command":"git diff --submodule --no-ext-diff --unified=3 --color=always --cached -- i3","level":"debug","msg":"RunCommand","time":"2024-01-31T00:29:37-03:00"}
{"level":"info","msg":"postRefreshUpdate for files took 648.896µs","time":"2024-01-31T00:29:37-03:00"}
{"command":"git diff --submodule --no-ext-diff --unified=3 --color=always -- ibus/bus","level":"debug","msg":"RunCommand","time":"2024-01-31T00:29:37-03:00"}
{"level":"info","msg":"postRefreshUpdate for menu took 32.872µs","time":"2024-01-31T00:29:38-03:00"}
{"command":"git diff --submodule --no-ext-diff --unified=3 --color=always -- ibus/bus","level":"debug","msg":"RunCommand","time":"2024-01-31T00:29:38-03:00"}
{"command":"Appending 'ibus/bus' to file '.gitignore'","level":"info","msg":"RunCommand","time":"2024-01-31T00:29:38-03:00"}
{"level":"info","msg":"refreshing the following scopes in sync mode: files","time":"2024-01-31T00:29:38-03:00"}
{"level":"info","msg":"refreshed merge conflicts in 8.726µs","time":"2024-01-31T00:29:38-03:00"}
{"level":"debug","msg":"using cache for key status.showUntrackedFiles","time":"2024-01-31T00:29:38-03:00"}
{"command":"git status --untracked-files=all --porcelain -z","level":"debug","msg":"RunCommand","time":"2024-01-31T00:29:38-03:00"}
{"level":"info","msg":"git status --untracked-files=all --porcelain -z (2.19323ms)","time":"2024-01-31T00:29:38-03:00"}
{"level":"info","msg":"refreshed files in 2.443731ms","time":"2024-01-31T00:29:38-03:00"}
{"level":"info","msg":"Refresh took 2.507329ms","time":"2024-01-31T00:29:38-03:00"}
{"level":"info","msg":"postRefreshUpdate for submodules took 11.882µs","time":"2024-01-31T00:29:38-03:00"}
{"command":"git diff --submodule --no-ext-diff --unified=3 --color=always -- kitty","level":"debug","msg":"RunCommand","time":"2024-01-31T00:29:38-03:00"}
{"level":"info","msg":"postRefreshUpdate for files took 550.722µs","time":"2024-01-31T00:29:38-03:00"}
{"command":"git diff --submodule --no-ext-diff --unified=3 --color=always --cached -- kitty","level":"debug","msg":"RunCommand","time":"2024-01-31T00:29:38-03:00"}
{"level":"info","msg":"postRefreshUpdate for files took 589.675µs","time":"2024-01-31T00:29:38-03:00"}
{"command":"git add -- kitty","level":"debug","msg":"RunCommand","time":"2024-01-31T00:29:38-03:00"}
{"level":"info","msg":"git add -- kitty (3.338628ms)","time":"2024-01-31T00:29:38-03:00"}
{"level":"info","msg":"refreshing the following scopes in async mode: files","time":"2024-01-31T00:29:38-03:00"}
{"level":"info","msg":"Refresh took 43.041µs","time":"2024-01-31T00:29:38-03:00"}
{"level":"debug","msg":"using cache for key status.showUntrackedFiles","time":"2024-01-31T00:29:38-03:00"}
{"command":"git status --untracked-files=all --porcelain -z","level":"debug","msg":"RunCommand","time":"2024-01-31T00:29:38-03:00"}
{"command":"git diff --submodule --no-ext-diff --unified=3 --color=always --cached -- kitty","level":"debug","msg":"RunCommand","time":"2024-01-31T00:29:38-03:00"}
{"level":"info","msg":"git status --untracked-files=all --porcelain -z (2.432369ms)","time":"2024-01-31T00:29:38-03:00"}
{"level":"info","msg":"postRefreshUpdate for submodules took 12.824µs","time":"2024-01-31T00:29:38-03:00"}
{"command":"git diff --submodule --no-ext-diff --unified=3 --color=always --cached -- kitty","level":"debug","msg":"RunCommand","time":"2024-01-31T00:29:38-03:00"}
{"level":"info","msg":"postRefreshUpdate for files took 488.055µs","time":"2024-01-31T00:29:38-03:00"}
{"command":"git diff --submodule --no-ext-diff --unified=3 --color=always --cached -- kitty","level":"debug","msg":"RunCommand","time":"2024-01-31T00:29:38-03:00"}
{"level":"info","msg":"postRefreshUpdate for files took 1.374135ms","time":"2024-01-31T00:29:38-03:00"}
{"command":"git diff --submodule --no-ext-diff --unified=3 --color=always -- lazygit","level":"debug","msg":"RunCommand","time":"2024-01-31T00:29:39-03:00"}
{"command":"git diff --submodule --no-ext-diff --unified=3 --color=always --cached -- lazygit","level":"debug","msg":"RunCommand","time":"2024-01-31T00:29:42-03:00"}
{"level":"info","msg":"postRefreshUpdate for files took 596.198µs","time":"2024-01-31T00:29:42-03:00"}
{"command":"git add -- lazygit","level":"debug","msg":"RunCommand","time":"2024-01-31T00:29:42-03:00"}
